<?xml version="1.0" encoding="UTF-8"?>
<!-- Generated by org.testng.reporters.JUnitReportReporter -->
<testsuite hostname="Krupal_Chavda" failures="0" tests="8" name="testcases.NewUserSignup" time="13.257" errors="0" timestamp="2025-04-19T19:40:52 IST" skipped="7">
  <testcase classname="testcases.NewUserSignup" name="newUserSignup" time="0.160">
    <skipped/>
  </testcase> <!-- newUserSignup -->
  <system-out/>
  <testcase classname="testcases.NewUserSignup" name="newUserSignup" time="0.726">
    <skipped/>
  </testcase> <!-- newUserSignup -->
  <system-out/>
  <testcase classname="testcases.NewUserSignup" name="newUserSignup" time="0.098">
    <skipped/>
  </testcase> <!-- newUserSignup -->
  <system-out/>
  <testcase classname="testcases.NewUserSignup" name="newUserSignup" time="0.119">
    <skipped/>
  </testcase> <!-- newUserSignup -->
  <system-out/>
  <testcase classname="testcases.NewUserSignup" name="newUserSignup" time="11.810"/>
  <system-out/>
  <testcase classname="testcases.NewUserSignup" name="newUserSignup" time="0.115">
    <skipped/>
  </testcase> <!-- newUserSignup -->
  <system-out/>
  <testcase classname="testcases.NewUserSignup" name="newUserSignup" time="0.113">
    <skipped/>
  </testcase> <!-- newUserSignup -->
  <system-out/>
  <testcase classname="testcases.NewUserSignup" name="newUserSignup" time="0.116">
    <skipped/>
  </testcase> <!-- newUserSignup -->
  <system-out/>
</testsuite> <!-- testcases.NewUserSignup -->
