<?xml version="1.0" encoding="UTF-8"?>
<!-- Generated by org.testng.reporters.JUnitReportReporter -->
<testsuite hostname="Krupal_Chavda" failures="0" tests="2" name="testcases.LoginTest" time="20.490" errors="0" timestamp="14 Apr 2025 08:04:45 GMT" skipped="0">
  <testcase classname="testcases.LoginTest" name="dologin" time="9.590"/>
  <testcase classname="testcases.LoginTest" name="goToGmail" time="10.900"/>
</testsuite> <!-- testcases.LoginTest -->
