<?xml version="1.0" encoding="UTF-8"?>
<!-- Generated by org.testng.reporters.JUnitReportReporter -->
<testsuite hostname="Krupal_Chavda" failures="0" tests="2" name="rough.LoginTest" time="13.120" errors="0" timestamp="18 Apr 2025 14:43:38 GMT" skipped="0">
  <testcase classname="rough.LoginTest" name="goToGmail" time="7.841"/>
  <testcase classname="rough.LoginTest" name="dologin" time="5.279"/>
</testsuite> <!-- rough.LoginTest -->
