<?xml version="1.0" encoding="UTF-8"?>
<!-- Generated by org.testng.reporters.JUnitReportReporter -->
<testsuite hostname="Krupal_Chavda" failures="0" tests="3" name="testcases.OpenAccountTest" time="65.822" errors="0" timestamp="15 Apr 2025 04:49:54 GMT" skipped="1">
  <testcase classname="testcases.OpenAccountTest" name="openAccountTest" time="11.307"/>
  <testcase classname="testcases.OpenAccountTest" name="openAccountTest" time="53.625"/>
  <testcase classname="testcases.OpenAccountTest" name="openAccountTest" time="0.890">
    <skipped/>
  </testcase> <!-- openAccountTest -->
</testsuite> <!-- testcases.OpenAccountTest -->
