<?xml version="1.0" encoding="UTF-8"?>
<!-- Generated by org.testng.reporters.JUnitReportReporter -->
<testsuite hostname="Krupal_Chavda" failures="0" tests="1" name="testcases.LoginBankManagerTest" time="5.282" errors="0" timestamp="15 Apr 2025 03:44:37 GMT" skipped="0">
  <testcase classname="testcases.LoginBankManagerTest" name="loginBankManagerTest" time="5.282"/>
</testsuite> <!-- testcases.LoginBankManagerTest -->
