<?xml version="1.0" encoding="UTF-8"?>
<!-- Generated by org.testng.reporters.JUnitReportReporter -->
<testsuite hostname="Krupal_Chavda" failures="0" tests="4" name="testcases.NewCarsNameAndPrice" time="44.557" errors="0" timestamp="2025-04-19T12:05:03 IST" skipped="0">
  <testcase classname="testcases.NewCarsNameAndPrice" name="newCarsNameAndPrice" time="13.411"/>
  <system-out/>
  <testcase classname="testcases.NewCarsNameAndPrice" name="newCarsNameAndPrice" time="15.632"/>
  <system-out/>
  <testcase classname="testcases.NewCarsNameAndPrice" name="newCarsNameAndPrice" time="8.124"/>
  <system-out/>
  <testcase classname="testcases.NewCarsNameAndPrice" name="newCarsNameAndPrice" time="7.390"/>
  <system-out/>
</testsuite> <!-- testcases.NewCarsNameAndPrice -->
