<?xml version="1.0" encoding="UTF-8"?>
<!-- Generated by org.testng.reporters.JUnitReportReporter -->
<testsuite hostname="Krupal_Chavda" failures="0" tests="4" name="testcases.FindNewCarTest" time="8.647" errors="0" timestamp="2025-04-19T12:05:03 IST" skipped="3">
  <testcase classname="testcases.FindNewCarTest" name="findNewCarTest" time="0.462">
    <skipped/>
  </testcase> <!-- findNewCarTest -->
  <system-out/>
  <testcase classname="testcases.FindNewCarTest" name="findNewCarTest" time="0.044">
    <skipped/>
  </testcase> <!-- findNewCarTest -->
  <system-out/>
  <testcase classname="testcases.FindNewCarTest" name="findNewCarTest" time="0.045">
    <skipped/>
  </testcase> <!-- findNewCarTest -->
  <system-out/>
  <testcase classname="testcases.FindNewCarTest" name="findNewCarTest" time="8.096"/>
  <system-out/>
</testsuite> <!-- testcases.FindNewCarTest -->
