<?xml version="1.0" encoding="UTF-8"?>
<testsuite name="TestSuite" time="14.969" tests="6" errors="0" skipped="2" failures="0">
  <properties>
    <property name="PROCESSOR_ARCHITECTURE" value="AMD64"/>
    <property name="LOGONSERVER" value="\\KRUPAL_CHAVDA"/>
    <property name="native.encoding" value="Cp1252"/>
    <property name="ProgramData" value="C:\ProgramData"/>
    <property name="java.home" value="C:\Program Files\Java\jdk-24"/>
    <property name="NODE_NAME" value="built-in"/>
    <property name="JENKINS_URL" value="http://localhost:8080/"/>
    <property name="ALLUSERSPROFILE" value="C:\ProgramData"/>
    <property name="PSModulePath" value="C:\Program Files\WindowsPowerShell\Modules;C:\WINDOWS\system32\WindowsPowerShell\v1.0\Modules"/>
    <property name="=::" value="::\"/>
    <property name="USERDOMAIN" value="KRUPAL_CHAVDA"/>
    <property name="sun.os.patch.level" value=""/>
    <property name="java.vendor.url" value="https://java.oracle.com/"/>
    <property name="CommonProgramFiles(x86)" value="C:\Program Files (x86)\Common Files"/>
    <property name="java.version" value="24"/>
    <property name="JOB_NAME" value="PlayWright_DataDriven"/>
    <property name="COMPUTERNAME" value="KRUPAL_CHAVDA"/>
    <property name="java.vendor.url.bug" value="https://bugreport.java.com/bugreport/"/>
    <property name="PUBLIC" value="C:\Users\Public"/>
    <property name="java.version.date" value="2025-03-18"/>
    <property name="jdk.debug" value="release"/>
    <property name="user.name" value="krupa"/>
    <property name="sun.io.unicode.encoding" value="UnicodeLittle"/>
    <property name="sun.jnu.encoding" value="Cp1252"/>
    <property name="java.runtime.name" value="Java(TM) SE Runtime Environment"/>
    <property name="windir" value="C:\WINDOWS"/>
    <property name="PROCESSOR_IDENTIFIER" value="Intel64 Family 6 Model 154 Stepping 4, GenuineIntel"/>
    <property name="java.specification.name" value="Java Platform API Specification"/>
    <property name="LOCALAPPDATA" value="C:\Users\krupa\AppData\Local"/>
    <property name="RUN_CHANGES_DISPLAY_URL" value="http://localhost:8080/job/PlayWright_DataDriven/12/display/redirect?page=changes"/>
    <property name="user.timezone" value="Asia/Calcutta"/>
    <property name="user.script" value=""/>
    <property name="path.separator" value=";"/>
    <property name="NUMBER_OF_PROCESSORS" value="12"/>
    <property name="BUILD_TAG" value="jenkins-PlayWright_DataDriven-12"/>
    <property name="file.encoding" value="UTF-8"/>
    <property name="sun.java.command" value="jenkins.maven3.agent.Maven35Main C:\Program Files\apache-maven-3.9.9 C:\Users\krupa\.jenkins\war\WEB-INF\lib\remoting-3206.vb_15dcf73f6a_9.jar C:\Users\krupa\.jenkins\plugins\maven-plugin\WEB-INF\lib\maven35-interceptor-1.14.jar C:\Users\krupa\.jenkins\plugins\maven-plugin\WEB-INF\lib\maven3-interceptor-commons-1.14.jar 54886"/>
    <property name="HUDSON_URL" value="http://localhost:8080/"/>
    <property name="JENKINS_SERVER_COOKIE" value="163a9dd6cce83c31"/>
    <property name="EXECUTOR_NUMBER" value="0"/>
    <property name="Path" value="C:\Program Files\Java\jdk-24/bin;C:\Program Files\Common Files\Oracle\Java\javapath;C:\Program Files (x86)\Common Files\Oracle\Java\java8path;C:\Program Files (x86)\Common Files\Oracle\Java\javapath;C:\Windows\system32;C:\Windows;C:\Windows\System32\Wbem;C:\Windows\System32\WindowsPowerShell\v1.0\;C:\Windows\System32\OpenSSH\;C:\Program Files (x86)\NVIDIA Corporation\PhysX\Common;C:\Program Files\NVIDIA Corporation\NVIDIA NvDLISR;C:\Program Files\dotnet\;C:\WINDOWS\system32;C:\WINDOWS;C:\WINDOWS\System32\Wbem;C:\WINDOWS\System32\WindowsPowerShell\v1.0\;C:\WINDOWS\System32\OpenSSH\;C:\Program Files\Java\jdk-24\bin;C:\Program Files\apache-maven-3.9.9\bin;K:\Krupal QA\Tools\allure-2.29.0\bin;C:\Program Files\Git\cmd;C:\Program Files\apache-maven-3.9.9\bin;C:\Users\krupa\AppData\Local\Microsoft\WindowsApps;C:\ffmpeg\bin;C:\Users\krupa\AppData\Local\GitHubDesktop\bin;"/>
    <property name="GIT_COMMIT" value="c46427fd1410f77ea66ea166528e9c231e0a6c5e"/>
    <property name="java.io.tmpdir" value="C:\Users\krupa\AppData\Local\Temp\"/>
    <property name="APPDATA" value="C:\Users\krupa\AppData\Roaming"/>
    <property name="user.language" value="en"/>
    <property name="line.separator" value="&#10;"/>
    <property name="stderr.encoding" value="Cp1252"/>
    <property name="BUILD_URL" value="http://localhost:8080/job/PlayWright_DataDriven/12/"/>
    <property name="M2_HOME" value="C:\Program Files\apache-maven-3.9.9"/>
    <property name="ZES_ENABLE_SYSMAN" value="1"/>
    <property name="java.vm.info" value="mixed mode, sharing"/>
    <property name="DriverData" value="C:\Windows\System32\Drivers\DriverData"/>
    <property name="java.vm.specification.name" value="Java Virtual Machine Specification"/>
    <property name="CI" value="true"/>
    <property name="BUILD_DISPLAY_NAME" value="#12"/>
    <property name="OS" value="Windows_NT"/>
    <property name="guice.disable.misplaced.annotation.check" value="true"/>
    <property name="HUDSON_SERVER_COOKIE" value="163a9dd6cce83c31"/>
    <property name="WORKSPACE_TMP" value="C:\Users\krupa\.jenkins\workspace\PlayWright_DataDriven@tmp"/>
    <property name="MAVEN_HOME" value="C:\Program Files\apache-maven-3.9.9"/>
    <property name="SESSIONNAME" value="Console"/>
    <property name="PATHEXT" value=".COM;.EXE;.BAT;.CMD;.VBS;.VBE;.JS;.JSE;.WSF;.WSH;.MSC"/>
    <property name="maven3.interceptor.common" value="C:\Users\krupa\.jenkins\plugins\maven-plugin\WEB-INF\lib\maven3-interceptor-commons-1.14.jar"/>
    <property name="CLASSPATH" value=""/>
    <property name="MVN_HOME" value="C:\Program Files\apache-maven-3.9.9"/>
    <property name="jansi.mode" value="strip"/>
    <property name="HOMEPATH" value="\Users\krupa"/>
    <property name="os.name" value="Windows 11"/>
    <property name="java.specification.vendor" value="Oracle Corporation"/>
    <property name="BUILD_NUMBER" value="12"/>
    <property name="java.vm.name" value="Java HotSpot(TM) 64-Bit Server VM"/>
    <property name="maven3.interceptor" value="C:\Users\krupa\.jenkins\plugins\maven-plugin\WEB-INF\lib\maven35-interceptor-1.14.jar"/>
    <property name="java.library.path" value="C:\Program Files\Java\jdk-24\bin;C:\WINDOWS\Sun\Java\bin;C:\WINDOWS\system32;C:\WINDOWS;C:\Program Files\apache-maven-3.9.9/bin;C:\Program Files\Java\jdk-24/bin;C:\Program Files\Java\jdk-24/bin;C:\Program Files\Common Files\Oracle\Java\javapath;C:\Program Files (x86)\Common Files\Oracle\Java\java8path;C:\Program Files (x86)\Common Files\Oracle\Java\javapath;C:\Windows\system32;C:\Windows;C:\Windows\System32\Wbem;C:\Windows\System32\WindowsPowerShell\v1.0\;C:\Windows\System32\OpenSSH\;C:\Program Files (x86)\NVIDIA Corporation\PhysX\Common;C:\Program Files\NVIDIA Corporation\NVIDIA NvDLISR;C:\Program Files\dotnet\;C:\WINDOWS\system32;C:\WINDOWS;C:\WINDOWS\System32\Wbem;C:\WINDOWS\System32\WindowsPowerShell\v1.0\;C:\WINDOWS\System32\OpenSSH\;C:\Program Files\Java\jdk-24\bin;C:\Program Files\apache-maven-3.9.9\bin;K:\Krupal QA\Tools\allure-2.29.0\bin;C:\Program Files\Git\cmd;C:\Program Files\apache-maven-3.9.9\bin;C:\Users\krupa\AppData\Local\Microsoft\WindowsApps;C:\ffmpeg\bin;C:\Users\krupa\AppData\Local\GitHubDesktop\bin;;."/>
    <property name="HOMEDRIVE" value="C:"/>
    <property name="POM_GROUPID" value="com.kbc"/>
    <property name="POM_ARTIFACTID" value="DataDrivenFramework"/>
    <property name="java.class.version" value="68.0"/>
    <property name="JOB_URL" value="http://localhost:8080/job/PlayWright_DataDriven/"/>
    <property name="GIT_PREVIOUS_COMMIT" value="557d0719178bea1cd8da00a8465adfe6aaf83330"/>
    <property name="OneDrive" value="C:\Users\krupa\OneDrive"/>
    <property name="GIT_BRANCH" value="origin/main"/>
    <property name="RUN_DISPLAY_URL" value="http://localhost:8080/job/PlayWright_DataDriven/12/display/redirect"/>
    <property name="VBOX_MSI_INSTALL_PATH" value="C:\Program Files\Oracle\VirtualBox\"/>
    <property name="JENKINS_HOME" value="C:\Users\krupa\.jenkins"/>
    <property name="BUILD_ID" value="12"/>
    <property name="TEMP" value="C:\Users\krupa\AppData\Local\Temp"/>
    <property name="sun.boot.library.path" value="C:\Program Files\Java\jdk-24\bin"/>
    <property name="sun.management.compiler" value="HotSpot 64-Bit Tiered Compilers"/>
    <property name="user.variant" value=""/>
    <property name="PROCESSOR_REVISION" value="9a04"/>
    <property name="POM_VERSION" value="0.0.1-SNAPSHOT"/>
    <property name="HUDSON_HOME" value="C:\Users\krupa\.jenkins"/>
    <property name="GIT_PREVIOUS_SUCCESSFUL_COMMIT" value="557d0719178bea1cd8da00a8465adfe6aaf83330"/>
    <property name="ProgramFiles(x86)" value="C:\Program Files (x86)"/>
    <property name="PATH+MAVEN" value="C:\Program Files\apache-maven-3.9.9/bin"/>
    <property name="IGCCSVC_DB" value="AQAAANCMnd8BFdERjHoAwE/Cl+sBAAAA4Qm2jJHT8EekuOi5Ox7FkgQAAAACAAAAAAAQZgAAAAEAACAAAABR+eixOEfWGzI60RZYUbrcAJaUOFaTGHxbMok0lXSMJgAAAAAOgAAAAAIAACAAAAAcqkRjj60vRTibqAWKiJFNOW2SjyIF78c9M6T4G8WLY2AAAADiqkSETJrTyAsuYM1e0I9I8EB5fWIwcCY2H1uTR387x0dhXFJ6LWpdX9zby/W2zQhLeScVCKThS9fxytntYV+ixQ6ZsQqdrPMRXiCwVErsZDcZSAARIZskQAqiRjOnMrZAAAAAiwjd/INFNpbDg1PgfUPVbr4EVdzTQauWee2E69KNH2PK/s7RWCTP6TxUDmxGdRtAHQK5j5XfR5RZ+7bsKxodvw=="/>
    <property name="USERDOMAIN_ROAMINGPROFILE" value="KRUPAL_CHAVDA"/>
    <property name="RUN_ARTIFACTS_DISPLAY_URL" value="http://localhost:8080/job/PlayWright_DataDriven/12/display/redirect?page=artifacts"/>
    <property name="PROMPT" value="$P$G"/>
    <property name="java.vm.specification.version" value="24"/>
    <property name="JAVA_HOME" value="C:\Program Files\Java\jdk-24"/>
    <property name="=K:" value="K:\Krupal_QA\Tools"/>
    <property name="NODE_LABELS" value="built-in"/>
    <property name="sun.cpu.isalist" value="amd64"/>
    <property name="USERPROFILE" value="C:\Users\krupa"/>
    <property name="java.vm.compressedOopsMode" value="Zero based"/>
    <property name="JOB_DISPLAY_URL" value="http://localhost:8080/job/PlayWright_DataDriven/display/redirect"/>
    <property name="os.version" value="10.0"/>
    <property name="user.home" value="C:\Users\krupa"/>
    <property name="USERNAME" value="krupa"/>
    <property name="java.vm.vendor" value="Oracle Corporation"/>
    <property name="PROCESSOR_LEVEL" value="6"/>
    <property name="CommonProgramW6432" value="C:\Program Files\Common Files"/>
    <property name="user.dir" value="K:\Krupal_QA\QA_Automation\PlaywrightLearning\Playwright\DataDrivenFramework"/>
    <property name="maven.conf" value="C:\Program Files\apache-maven-3.9.9\conf"/>
    <property name="ProgramW6432" value="C:\Program Files"/>
    <property name="TMP" value="C:\Users\krupa\AppData\Local\Temp"/>
    <property name="sun.cpu.endian" value="little"/>
    <property name="stdout.encoding" value="Cp1252"/>
    <property name="SystemDrive" value="C:"/>
    <property name="java.vm.version" value="24+36-3646"/>
    <property name="java.class.path" value="C:\Users\krupa\.jenkins\plugins\maven-plugin\WEB-INF\lib\maven35-agent-1.14.jar;C:\Program Files\apache-maven-3.9.9\boot\plexus-classworlds-2.8.0.jar;C:\Program Files\apache-maven-3.9.9/conf/logging"/>
    <property name="org.slf4j.simpleLogger.defaultLogLevel" value="info"/>
    <property name="os.arch" value="amd64"/>
    <property name="WORKSPACE" value="C:\Users\krupa\.jenkins\workspace\PlayWright_DataDriven"/>
    <property name="ComSpec" value="C:\WINDOWS\system32\cmd.exe"/>
    <property name="RUN_TESTS_DISPLAY_URL" value="http://localhost:8080/job/PlayWright_DataDriven/12/display/redirect?page=tests"/>
    <property name="sun.java.launcher" value="SUN_STANDARD"/>
    <property name="SystemRoot" value="C:\WINDOWS"/>
    <property name="CommonProgramFiles" value="C:\Program Files\Common Files"/>
    <property name="java.vm.specification.vendor" value="Oracle Corporation"/>
    <property name="file.separator" value="\"/>
    <property name="java.runtime.version" value="24+36-3646"/>
    <property name="ProgramFiles" value="C:\Program Files"/>
    <property name="PATH+JDK" value="C:\Program Files\Java\jdk-24/bin"/>
    <property name="user.country" value="IN"/>
    <property name="POM_PACKAGING" value="jar"/>
    <property name="maven.home" value="C:\Program Files\apache-maven-3.9.9"/>
    <property name="JOB_BASE_NAME" value="PlayWright_DataDriven"/>
    <property name="java.vendor" value="Oracle Corporation"/>
    <property name="java.specification.version" value="24"/>
    <property name="POM_DISPLAYNAME" value="DataDrivenFramework"/>
    <property name="GIT_URL" value="https://github.com/KrupalsinhChavda-Automation/Playwright.git"/>
    <property name="sun.arch.data.model" value="64"/>
  </properties>
  <testcase name="addCustomerTest" classname="testcases.AddCustomerTest" time="8.494"/>
  <testcase name="addCustomerTest" classname="testcases.AddCustomerTest" time="0">
    <skipped/>
  </testcase>
  <testcase name="addCustomerTest" classname="testcases.AddCustomerTest" time="9.138"/>
  <testcase name="openAccountTest" classname="testcases.OpenAccountTest" time="6.475"/>
  <testcase name="openAccountTest" classname="testcases.OpenAccountTest" time="0">
    <skipped/>
  </testcase>
  <testcase name="openAccountTest" classname="testcases.OpenAccountTest" time="9.047"/>
</testsuite>