<?xml version="1.0" encoding="UTF-8"?>
<!-- Generated by org.testng.reporters.JUnitReportReporter -->
<testsuite hostname="Krupal_Chavda" failures="0" tests="8" name="testcases.UserSignupTest" time="11.661" errors="0" timestamp="2025-04-24T23:18:07 IST" skipped="7">
  <testcase classname="testcases.UserSignupTest" name="userSignupTest" time="0.334">
    <skipped/>
  </testcase> <!-- userSignupTest -->
  <system-out/>
  <testcase classname="testcases.UserSignupTest" name="userSignupTest" time="0.029">
    <skipped/>
  </testcase> <!-- userSignupTest -->
  <system-out/>
  <testcase classname="testcases.UserSignupTest" name="userSignupTest" time="11.157"/>
  <system-out/>
  <testcase classname="testcases.UserSignupTest" name="userSignupTest" time="0.029">
    <skipped/>
  </testcase> <!-- userSignupTest -->
  <system-out/>
  <testcase classname="testcases.UserSignupTest" name="userSignupTest" time="0.026">
    <skipped/>
  </testcase> <!-- userSignupTest -->
  <system-out/>
  <testcase classname="testcases.UserSignupTest" name="userSignupTest" time="0.024">
    <skipped/>
  </testcase> <!-- userSignupTest -->
  <system-out/>
  <testcase classname="testcases.UserSignupTest" name="userSignupTest" time="0.029">
    <skipped/>
  </testcase> <!-- userSignupTest -->
  <system-out/>
  <testcase classname="testcases.UserSignupTest" name="userSignupTest" time="0.033">
    <skipped/>
  </testcase> <!-- userSignupTest -->
  <system-out/>
</testsuite> <!-- testcases.UserSignupTest -->
