<?xml version="1.0" encoding="UTF-8"?>
<!-- Generated by org.testng.reporters.JUnitReportReporter -->
<testsuite hostname="Krupal_Chavda" failures="0" tests="3" name="testcases.AddCustomerTest" time="20.745" errors="0" timestamp="15 Apr 2025 16:33:47 GMT" skipped="1">
  <testcase classname="testcases.AddCustomerTest" name="addCustomerTest" time="10.560"/>
  <testcase classname="testcases.AddCustomerTest" name="addCustomerTest" time="9.058"/>
  <testcase classname="testcases.AddCustomerTest" name="addCustomerTest" time="1.127">
    <skipped/>
  </testcase> <!-- addCustomerTest -->
</testsuite> <!-- testcases.AddCustomerTest -->
