<?xml version="1.0" encoding="UTF-8"?>
<!-- Generated by org.testng.reporters.JUnitReportReporter -->
<testsuite hostname="Krupal_Chavda" failures="0" tests="3" name="testcases.OpenAccountTest" time="18.296" errors="0" timestamp="15 Apr 2025 04:59:04 GMT" skipped="1">
  <testcase classname="testcases.OpenAccountTest" name="openAccountTest" time="0.062">
    <skipped/>
  </testcase> <!-- openAccountTest -->
  <testcase classname="testcases.OpenAccountTest" name="openAccountTest" time="10.291"/>
  <testcase classname="testcases.OpenAccountTest" name="openAccountTest" time="7.943"/>
</testsuite> <!-- testcases.OpenAccountTest -->
