<?xml version="1.0" encoding="UTF-8"?>
<!-- Generated by org.testng.reporters.JUnitReportReporter -->
<testsuite hostname="Krupal_Chavda" failures="0" tests="3" name="testcases.AddCustomerTest" time="32.835" errors="0" timestamp="15 Apr 2025 04:59:04 GMT" skipped="1">
  <testcase classname="testcases.AddCustomerTest" name="addCustomerTest" time="19.622"/>
  <testcase classname="testcases.AddCustomerTest" name="addCustomerTest" time="11.651"/>
  <testcase classname="testcases.AddCustomerTest" name="addCustomerTest" time="1.562">
    <skipped/>
  </testcase> <!-- addCustomerTest -->
</testsuite> <!-- testcases.AddCustomerTest -->
