<?xml version="1.0" encoding="UTF-8"?>
<!-- Generated by org.testng.reporters.JUnitReportReporter -->
<testsuite hostname="Krupal_Chavda" failures="0" tests="3" name="testcases.OpenAccountTest" time="17.329" errors="0" timestamp="15 Apr 2025 16:33:47 GMT" skipped="1">
  <testcase classname="testcases.OpenAccountTest" name="openAccountTest" time="8.575"/>
  <testcase classname="testcases.OpenAccountTest" name="openAccountTest" time="0.346">
    <skipped/>
  </testcase> <!-- openAccountTest -->
  <testcase classname="testcases.OpenAccountTest" name="openAccountTest" time="8.408"/>
</testsuite> <!-- testcases.OpenAccountTest -->
