<?xml version="1.0" encoding="UTF-8"?>
<!-- Generated by org.testng.reporters.JUnitReportReporter -->
<testsuite hostname="Krupal_Chavda" failures="0" tests="3" name="testcases.AddCustomerTest" time="19.054" errors="0" timestamp="15 Apr 2025 16:38:05 GMT" skipped="1">
  <testcase classname="testcases.AddCustomerTest" name="addCustomerTest" time="8.792"/>
  <testcase classname="testcases.AddCustomerTest" name="addCustomerTest" time="9.142"/>
  <testcase classname="testcases.AddCustomerTest" name="addCustomerTest" time="1.120">
    <skipped/>
  </testcase> <!-- addCustomerTest -->
</testsuite> <!-- testcases.AddCustomerTest -->
