<?xml version="1.0" encoding="UTF-8"?>
<!-- Generated by org.testng.reporters.JUnitReportReporter -->
<testsuite hostname="Krupal_Chavda" failures="0" tests="3" name="testcases.OpenAccountTest" time="16.975" errors="0" timestamp="15 Apr 2025 16:38:05 GMT" skipped="1">
  <testcase classname="testcases.OpenAccountTest" name="openAccountTest" time="9.049"/>
  <testcase classname="testcases.OpenAccountTest" name="openAccountTest" time="0.406">
    <skipped/>
  </testcase> <!-- openAccountTest -->
  <testcase classname="testcases.OpenAccountTest" name="openAccountTest" time="7.520"/>
</testsuite> <!-- testcases.OpenAccountTest -->
